<?xml version="1.0" encoding="UTF-8"?>
<!-- Generated by org.testng.reporters.JUnitXMLReporter -->
<testsuite ignored="3" hostname="soc-5CG1443SPF" failures="0" tests="1" name="Default test" time="12.632" errors="0" timestamp="2025-01-04T17:17:36 IST">
  <testcase classname="testcases.MavenLoginTest" name="Logintestfailure" time="8.388"/>
  <testcase classname="testcases.MavenLoginTest" name="LoginTestWithExternalData" time="0.0">
    <ignored/>
  </testcase> <!-- LoginTestWithExternalData -->
  <testcase classname="testcases.MavenLoginTest" name="LoginSuccessTest" time="0.0">
    <ignored/>
  </testcase> <!-- LoginSuccessTest -->
  <testcase classname="testcases.MavenLoginTest" name="ParameterizedTest" time="0.0">
    <ignored/>
  </testcase> <!-- ParameterizedTest -->
</testsuite> <!-- Default test -->
