<?xml version="1.0" encoding="UTF-8"?>
<!-- Generated by org.testng.reporters.JUnitXMLReporter -->
<testsuite ignored="0" hostname="soc-5CG1443SPF" failures="0" tests="4" name="Test" time="48.58" errors="0" timestamp="2025-01-12T16:44:11 IST">
  <testcase classname="testcases.MavenLoginTest" name="LoginSuccessTest" time="7.088"/>
  <testcase classname="testcases.MavenLoginTest" name="LoginTestWithExternalData" time="7.098"/>
  <testcase classname="testcases.MavenLoginTest" name="Logintestfailure" time="11.069"/>
  <testcase classname="testcases.MavenLoginTest" name="ParameterizedTest" time="7.309"/>
</testsuite> <!-- Test -->
