<?xml version="1.0" encoding="UTF-8"?>
<!-- Generated by org.testng.reporters.JUnitXMLReporter -->
<testsuite ignored="0" hostname="soc-5CG1443SPF" failures="0" tests="3" name="Test" time="31.365" errors="0" timestamp="2025-01-03T20:01:47 IST">
  <testcase classname="testcases.MavenLoginTest" name="LoginSuccessTest" time="7.097"/>
  <testcase classname="testcases.MavenLoginTest" name="Logintestfailure" time="7.913"/>
  <testcase classname="testcases.MavenLoginTest" name="ParameterizedTest" time="5.922"/>
</testsuite> <!-- Test -->
