<?xml version="1.0" encoding="UTF-8"?>
<testng-results ignored="3" total="4" passed="1" failed="0" skipped="0">
  <reporter-output>
  </reporter-output>
  <suite started-at="2025-01-04T17:17:23 IST" name="Default suite" finished-at="2025-01-04T17:17:36 IST" duration-ms="12632">
    <groups>
    </groups>
    <test started-at="2025-01-04T17:17:23 IST" name="Default test" finished-at="2025-01-04T17:17:36 IST" duration-ms="12632">
      <class name="testcases.MavenLoginTest">
        <test-method is-config="true" signature="DataSetUp()[pri:0, instance:testcases.MavenLoginTest@1a942c18]" started-at="2025-01-04T17:17:23 IST" name="DataSetUp" finished-at="2025-01-04T17:17:24 IST" duration-ms="509" status="PASS">
          <reporter-output>
          </reporter-output>
        </test-method> <!-- DataSetUp -->
        <test-method is-config="true" signature="SetUp()[pri:0, instance:testcases.MavenLoginTest@1a942c18]" started-at="2025-01-04T17:17:24 IST" name="SetUp" finished-at="2025-01-04T17:17:27 IST" duration-ms="3389" status="PASS">
          <reporter-output>
          </reporter-output>
        </test-method> <!-- SetUp -->
        <test-method signature="Logintestfailure()[pri:0, instance:testcases.MavenLoginTest@1a942c18]" started-at="2025-01-04T17:17:27 IST" name="Logintestfailure" finished-at="2025-01-04T17:17:36 IST" duration-ms="8388" status="PASS">
          <reporter-output>
          </reporter-output>
        </test-method> <!-- Logintestfailure -->
        <test-method is-config="true" signature="TearDown()[pri:0, instance:testcases.MavenLoginTest@1a942c18]" started-at="2025-01-04T17:17:36 IST" name="TearDown" finished-at="2025-01-04T17:17:36 IST" duration-ms="319" status="PASS">
          <reporter-output>
          </reporter-output>
        </test-method> <!-- TearDown -->
        <test-method is-config="true" signature="DataTearDown()[pri:0, instance:testcases.MavenLoginTest@1a942c18]" started-at="2025-01-04T17:17:36 IST" name="DataTearDown" finished-at="2025-01-04T17:17:36 IST" duration-ms="2" status="PASS">
          <reporter-output>
          </reporter-output>
        </test-method> <!-- DataTearDown -->
      </class> <!-- testcases.MavenLoginTest -->
    </test> <!-- Default test -->
  </suite> <!-- Default suite -->
</testng-results>
